         w _ITM_deregisterTMCloneTable
         w _ITM_registerTMCloneTable
         w _Jv_RegisterClasses
         w __deregister_frame_info
         w __register_frame_info
00000000 b .LANCHOR1
00000000 b _TLS_MODULE_BASE_
00000000 00000401 b __fixedpath
00000000 a shift
00000000 a shift
00000404 b .LANCHOR3
00000404 00000802 b __utf16path
00000c08 b .LANCHOR5
00000c08 00000802 b __utf16path_old.8107
00100000 a __start__
00100000 T _start
00100008 T __service_ptr
0010000c T __apt_appid
00100010 T __heap_size
00100014 T __linear_heap_size
00100018 T __system_arglist
0010001c T __system_runflags
00100020 t startup
00100058 t ClearMem
0010006c t ClrLoop
00100094 T _init
001000ac T initSystem
001000f0 T __ctru_exit
00100110 T __aeabi_idiv
00100110 00000220 T __divsi3
00100118 t .divsi3_skip_div0_test
00100330 00000020 T __aeabi_idivmod
00100350 00000004 W __aeabi_idiv0
00100350 00000004 W __aeabi_ldiv0
00100354 T __aeabi_uldivmod
001003a8 00000390 T strcmp
00100730 t .udivsi3_skip_div0_test
00100730 T __aeabi_uidiv
00100730 000001ec T __udivsi3
0010091c 00000020 T __aeabi_uidivmod
0010093c t deregister_tm_clones
0010096c t register_tm_clones
001009a4 t __do_global_dtors_aux
001009e8 t frame_dummy
00100a44 00000070 t parse_hex4
00100ab4 00000078 t buffer_skip_whitespace
00100b2c 00000118 t get_object_item
00100c44 00000498 t parse_string.isra.0
001010dc 0000002c t cJSON_New_Item.isra.1
00101108 000000a0 T cJSON_Delete
001011a8 000005d4 t parse_value
0010177c 000001d0 T cJSON_ParseWithOpts
0010194c 0000000c T cJSON_Parse
00101958 00000008 T cJSON_GetObjectItemCaseSensitive
00101960 0000032c T http_download
00101c8c 0000006c T main
00101cf8 000001c0 T consoleDrawChar
00101eb8 00000128 T consolePrintChar
00101fe0 00000184 t consoleCls
00102164 00000104 T consoleInit
00102268 00000138 t consoleClearLine
001023a0 000000c0 t newRow
00102460 00000810 T con_write
00102c70 0000008c t gfxSetFramebufferInfo.part.0
00102cfc 00000018 T __get_bytes_per_pixel
00102d14 00000184 T gfxSetScreenFormat
00102e98 00000010 T gfxSetDoubleBuffering
00102ea8 0000006c T gfxSetFramebufferInfo
00102f14 000000b0 T gfxWriteFramebufferInfo
00102fc4 00000210 T gfxInit
001031d4 00000010 T gfxInitDefault
001031e4 000000e0 T gfxExit
001032c4 000000a8 T gfxGetFramebuffer
0010336c 000000e8 T gfxFlushBuffers
00103454 00000060 T gfxConfigScreen
001034b4 00000020 T gfxSwapBuffers
001034d4 00000020 T gfxSwapBuffersGpu
001034f4 00000074 T gspInit
00103568 0000003c T gspExit
001035a4 000000a0 T gspInitEventHandler
00103644 00000040 T gspExitEventHandler
00103684 00000044 T gspWaitForEvent
001036c8 00000004 W gxCmdQueueInterrupt
001036cc 00000174 t gspEventThreadMain
00103840 0000006c T GSPGPU_SetBufferSwap
001038ac 0000004c T GSPGPU_FlushDataCache
001038f8 00000034 T GSPGPU_SetLcdForceBlack
0010392c 00000064 T GSPGPU_RegisterInterruptRelayQueue
00103990 0000002c T GSPGPU_UnregisterInterruptRelayQueue
001039bc 00000048 T GSPGPU_AcquireRight
00103a04 0000002c T GSPGPU_ReleaseRight
00103a30 00000080 T GSPGPU_ImportDisplayCaptureInfo
00103ab0 0000002c T GSPGPU_SaveVramSysArea
00103adc 0000002c T GSPGPU_RestoreVramSysArea
00103b08 00000004 W _aptDebug
00103b0c 0000015c T aptSendCommand
00103c68 0000003c t aptExitProcess
00103ca4 0000004c T APT_InquireNotification
00103cf0 0000019c t aptEventHandler
00103e8c 00000074 T APT_AppletUtility
00103f00 000000b0 T aptSetSleepAllowed
00103fb0 000000b0 T APT_GlanceParameter
00104060 000000c4 T APT_ReceiveParameter
00104124 000000bc t aptReceiveParameter.constprop.1
001041e0 000001e8 t aptScreenTransfer
001043c8 00000210 t aptWaitForWakeUp
001045d8 00000070 T APT_CancelParameter
00104648 00000270 T aptInit
001048b8 00000088 t aptClearParamQueue
00104940 000001e4 t aptMainLoop.part.0
00104b24 0000001c T aptMainLoop
00104b40 0000024c T aptExit
00104d8c 0000007c T APT_CheckNew3DS
00104e08 000000d0 T hidExit
00104ed8 0000026c T hidScanInput
00105144 00000010 T hidKeysDown
00105154 00000090 T HIDUSER_GetHandles
001051e4 000001a8 T hidInit
0010538c 0000019c T httpcInit
00105528 00000094 T httpcExit
001055bc 00000138 T httpcOpenContext
001056f4 00000044 T httpcCloseContext
00105738 00000080 T httpcAddRequestHeaderField
001057b8 00000030 T httpcBeginRequest
001057e8 00000044 T httpcReceiveData
0010582c 00000100 T httpcDownloadData
0010592c 00000054 T httpcGetDownloadSizeState
00105980 00000078 T httpcGetResponseHeader
001059f8 0000003c T httpcGetResponseStatusCode
00105a34 00000034 T httpcSetSSLOpt
00105a68 00000034 T httpcSetKeepAlive
00105a9c 00000038 W __libctru_init
00105ad4 00000030 t __ctru_get_reent
00105b04 000000e4 T __system_initSyscalls
00105be8 00000104 W __system_allocateHeaps
00105cec 000000ec T __system_initArgv
00105dd8 T svcControlMemory
00105df8 T svcExitProcess
00105e00 T svcCreateThread
00105e20 T svcExitThread
00105e28 T svcSleepThread
00105e30 T svcReleaseMutex
00105e38 T svcCreateEvent
00105e4c T svcSignalEvent
00105e54 T svcClearEvent
00105e5c T svcCreateMemoryBlock
00105e74 T svcMapMemoryBlock
00105e7c T svcUnmapMemoryBlock
00105e84 T svcCreateAddressArbiter
00105e98 T svcArbitrateAddress
00105eb0 T svcCloseHandle
00105eb8 T svcWaitSynchronization
00105ec0 T svcWaitSynchronizationN
00105ee8 T svcDuplicateHandle
00105efc T svcGetSystemTick
00105f04 T svcGetSystemInfo
00105f1c T svcConnectToPort
00105f30 T svcSendSyncRequest
00105f38 T svcBreak
00105f40 00000024 t addrMapNodeComparator(rbtree_node const*, rbtree_node const*)
00105f64 00000004 t addrMapNodeDestructor(rbtree_node*)
00105f68 00000110 T vramMemAlign
00106078 00000008 T vramAlloc
00106080 00000050 T vramFree
001060d0 00000024 t addrMapNodeComparator(rbtree_node const*, rbtree_node const*)
001060f4 00000004 t addrMapNodeDestructor(rbtree_node*)
001060f8 000000e4 T mappableAlloc
001061dc 00000050 T mappableFree
0010622c 00000024 t addrMapNodeComparator(rbtree_node const*, rbtree_node const*)
00106250 00000004 t addrMapNodeDestructor(rbtree_node*)
00106254 0000011c T linearMemAlign
00106370 00000008 T linearAlloc
00106378 00000050 T linearFree
001063c8 00000098 T MemPool::CoalesceRight(MemBlock*)
00106460 0000016c T MemPool::Allocate(MemChunk&, unsigned long, int)
001065cc 000000fc T MemPool::Deallocate(MemChunk const&)
001066c8 00000034 t LightLock_Unlock.part.1
001066fc 0000000c T __sync_init
00106708 00000018 T __sync_fini
00106720 00000010 T __sync_get_arbiter
00106730 00000018 T LightLock_Init
00106748 0000009c T LightLock_Lock
001067e4 00000034 T LightLock_TryLock
00106818 00000020 T LightLock_Unlock
00106838 00000024 T RecursiveLock_Init
0010685c 00000030 T RecursiveLock_Lock
0010688c 00000058 T RecursiveLock_TryLock
001068e4 00000038 T RecursiveLock_Unlock
0010691c 00000038 T LightEvent_Init
00106954 0000007c T LightEvent_Clear
001069d0 000000dc T LightEvent_Signal
00106aac 000000bc T LightEvent_Wait
00106b68 00000058 t getSysTime
00106bc0 00000028 t __ctru_speedup_config.part.0
00106be8 00000024 T osGetMemRegionUsed
00106c10 00000128 T __libctru_gtod
00106d38 00000018 T __ctru_speedup_config
00106d50 00000058 T srvExit
00106da8 00000038 T srvRegisterClient
00106de0 000000c4 T srvInit
00106ea4 0000006c T srvGetServiceHandleDirect
00106f10 00000038 T srvGetServiceHandle
00106f48 0000001c t threadFree.part.0
00106f64 000001ac T threadCreate
00107110 00000024 T threadJoin
00107134 00000064 T threadExit
00107198 00000040 t _thread_begin
001071d8 000000ac T irrstScanInput
00107284 00000024 T irrstKeysHeld
001072a8 00000050 T IRRST_GetHandles
001072f8 00000158 T irrstInit
00107450 0000002c T IRRST_Shutdown
0010747c 000000ac T irrstExit
00107528 0000000c T srvPmGetSessionHandle
00107534 00000074 T ptmSysmInit
001075a8 0000003c T ptmSysmExit
001075e4 00000034 T PTMSYSM_ConfigureNew3DSCPU
00107618 00000014 T rbtree_init
0010762c 0000018c t do_insert
001077b8 00000008 T rbtree_insert
001077c0 00000094 T rbtree_rotate
00107854 0000032c T rbtree_remove
00107b80 0000006c T rbtree_find
00107bec 0000001c W __appInit
00107c08 0000001c W __appExit
00107c24 000000a4 W __libctru_exit
00107cc8 00000084 T envGetHandle
00107d4c 0000004c T envDestroyHandles
00107d98 00000010 t sdmc_link
00107da8 00000010 t sdmc_dirreset
00107db8 00000010 t sdmc_chmod
00107dc8 00000024 t error_cmp
00107dec 00000050 t sdmc_translate_error
00107e3c 00000034 t sdmc_fsync
00107e70 00000054 t sdmc_ftruncate
00107ec4 000000b8 t sdmc_statvfs
00107f7c 00000038 t sdmc_dirclose
00107fb4 00000138 t sdmc_dirnext
001080ec 00000034 t sdmc_close
00108120 00000074 t sdmc_fstat
00108194 000000d0 t sdmc_seek
00108264 00000084 t sdmc_read
001082e8 000000c0 t sdmc_write
001083a8 000001a8 t sdmc_utf16path
00108550 00000074 t sdmc_rmdir
001085c4 000000a0 t sdmc_diropen
00108664 000000a0 t sdmc_chdir
00108704 00000098 t sdmc_mkdir
0010879c 00000108 t sdmc_rename
001088a4 00000074 t sdmc_unlink
00108918 00000108 t sdmc_stat
00108a20 00000198 t sdmc_open
00108bb8 00000010 t sdmc_fchmod
00108bc8 00000168 T sdmcInit
00108d30 00000060 T sdmcExit
00108d90 00000028 t fsSessionForArchive.part.0
00108db8 000000d0 T fsInit
00108e88 0000003c T fsExit
00108ec4 00000074 T fsExemptFromSession
00108f38 00000050 T fsUnexemptFromSession
00108f88 000000c0 T FSUSER_OpenFile
00109048 000000a8 T FSUSER_DeleteFile
001090f0 000000e0 T FSUSER_RenameFile
001091d0 000000a8 T FSUSER_DeleteDirectory
00109278 000000c0 T FSUSER_CreateFile
00109338 000000b0 T FSUSER_CreateDirectory
001093e8 000000e0 T FSUSER_RenameDirectory
001094c8 000000a4 T FSUSER_OpenDirectory
0010956c 00000098 T FSUSER_OpenArchive
00109604 00000074 T FSUSER_CloseArchive
00109678 00000078 T FSUSER_GetSdmcArchiveResource
001096f0 00000064 T FSUSER_IsSdmcWritable
00109754 00000058 T FSFILE_Read
001097ac 00000064 T FSFILE_Write
00109810 00000038 T FSFILE_GetSize
00109848 00000028 T FSFILE_SetSize
00109870 0000003c T FSFILE_Close
001098ac 00000024 T FSFILE_Flush
001098d0 00000054 T FSDIR_Read
00109924 0000003c T FSDIR_Close
00109960 00000074 T rbtree_node_next
001099d4 000000e8 T utf16_to_utf8
00109abc 00000060 T decode_utf16
00109b1c 00000138 T decode_utf8
00109c54 000000c0 T utf8_to_utf16
00109d14 T __aeabi_read_tp
00109d20 00000068 T encode_utf16
00109d88 00000104 T encode_utf8
00109e8c 00000128 T __udivmoddi4
00109fb4 00000074 T bsearch
0010a028 00000040 T __libc_fini_array
0010a068 00000078 T __libc_init_array
0010a0e0 00000024 T __locale_mb_cur_max
0010a104 00000008 T __locale_ctype_ptr_l
0010a10c 00000024 T __locale_ctype_ptr
0010a130 00000020 T memalign
0010a150 00000158 T _memalign_r
0010a2a8 00000018 T malloc
0010a2c0 00000018 T free
0010a2d8 0000078c T _malloc_r
0010aa64 00000300 T __utf8_mbtowc
0010ad64 00000104 T memchr
0010ae68 00000114 T memcpy
0010af7c 00000110 T memset
0010b08c 0000000c T __malloc_lock
0010b098 0000000c T __malloc_unlock
0010b0a4 00000038 T printf
0010b0dc 00000020 T realloc
0010b0fc 000004cc T _realloc_r
0010b5c8 00000258 T setvbuf
0010b820 00000068 T sprintf
0010b888 00000074 T sscanf
0010b8fc 0000003c T __sread
0010b938 00000008 T __seofread
0010b940 00000064 T __swrite
0010b9a4 0000004c T __sseek
0010b9f0 00000008 T __sclose
0010b9f8 000001ac T strchr
0010bba4 0000005c T strlen
0010bc00 0000009c T strncat
0010bc9c 00000108 T strncmp
0010bda4 000000d8 T strncpy
0010be7c 0000005c T strnlen
0010bed8 00000054 t sulp
0010bf30 00001434 T _strtod_l
0010d364 0000003c T _strtod_r
0010d3a0 00000040 T strtod
0010d3e0 00000220 t _strtol_l.isra.0
0010d600 00000050 T _strtol_r
0010d650 00001624 t get_arg
0010ec78 000041c4 T _svfprintf_r
00112e3c 0000290c T __ssvfscanf_r
00115748 0000001c t __sprint_r.part.0
00115764 0000001c T __sprint_r
00115780 00001624 t get_arg
00116da8 00004314 T _vfprintf_r
0011b0bc 000000cc t __sbprintf
0011b188 000000a0 T _wcrtomb_r
0011b228 00000020 T _wcsrtombs_r
0011b248 000000e8 T __utf8_wctomb
0011b330 00000144 T __swsetup_r
0011b474 000001d0 t quorem
0011b648 00001260 T _dtoa_r
0011c8a8 00000254 T __sflush_r
0011cafc 00000094 T _fflush_r
0011cb90 0000000c T _cleanup_r
0011cb9c 00000080 t std.isra.0
0011cc1c 0000008c T __sinit
0011cca8 0000000c T __sfp_lock_acquire
0011ccb4 0000000c T __sfp_lock_release
0011ccc0 000000f8 T _malloc_trim_r
0011cdb8 000002e4 T _free_r
0011d09c 000004ac T __sfvwrite_r
0011d548 00000080 T _fwalk_reent
0011d5c8 000000f0 t rshift
0011d6b8 000007f4 T __gethex
0011deac 00000064 T __match
0011df10 00000264 T __hexnan
0011e174 00000074 T iswspace
0011e1e8 00000204 t __jp2uc
0011e3ec 000000c8 T _jp2uc
0011e4b4 00000008 T __localeconv_l
0011e4bc 00000024 T _localeconv_r
0011e4e0 00000094 T __swhatbuf_r
0011e574 000000f4 T __smakebuf_r
0011e668 000000b4 T _mbrtowc_r
0011e71c 00000148 T memmove
0011e864 00000088 T _Balloc
0011e8ec 0000001c T _Bfree
0011e908 000000d8 T __multadd
0011e9e0 000000f0 T __s2b
0011ead0 00000058 T __hi0bits
0011eb28 0000009c T __lo0bits
0011ebc4 00000020 T __i2b
0011ebe4 000001cc T __multiply
0011edb0 00000100 T __pow5mult
0011eeb0 000000e4 T __lshift
0011ef94 00000060 T __mcmp
0011eff4 00000198 T __mdiff
0011f18c 00000078 T __ulp
0011f204 000000d4 T __b2d
0011f2d8 00000108 T __d2b
0011f3e0 0000007c T __ratio
0011f45c 0000006c T __copybits
0011f4c8 00000080 T __any_on
0011f548 0000009c T frexp
0011f5e4 000000cc T __sccl
0011f6b0 0000000c T nanf
0011f6bc 00000100 T stpncpy
0011f7bc 000002dc t _strtoll_l.isra.0
0011fa98 00000050 T _strtoll_r
0011fae8 000001e4 t _strtoul_l.isra.0
0011fccc 00000050 T _strtoul_r
0011fd20 00000268 t _strtoull_l.isra.0
0011ff88 00000050 T _strtoull_r
0011ffd8 00000188 T __ssprint_r
00120160 000000e8 T _sungetc_r
00120248 0000006c T __ssrefill_r
001202b4 000000d0 T _sfread_r
00120384 000000a8 T __submore
0012042c 00000174 T _wcsnrtombs_l
001205a0 00000064 T _wcsnrtombs_r
00120604 00000090 T _calloc_r
00120694 00000154 T _fclose_r
001207e8 00000008 t null_write
001207f0 00000018 T setDefaultDevice
00120808 000000cc T FindDevice
001208d4 00000028 T RemoveDevice
001208fc 00000098 T AddDevice
00120994 00000084 T _close_r
00120a18 0000007c T _fstat_r
00120a94 00000008 T _isatty_r
00120a9c 00000090 T _lseek_r
00120b2c 00000088 T _read_r
00120bb4 00000070 T _sbrk_r
00120c24 00000088 T _write_r
00120cac 000001d4 T _concatenate_path
00120e80 0000015c T chdir
00120fdc 00000008 T __flockfile
00120fe4 00000008 T __funlockfile
00120fec 00000018 T __libc_lock_acquire
00121004 00000018 T __libc_lock_release
0012101c 00000018 T __libc_lock_init_recursive
00121034 00000018 T __libc_lock_acquire_recursive
0012104c 00000018 T __libc_lock_release_recursive
00121064 00000018 T __libc_lock_close_recursive
0012107c 0000004c T __free_handle
001210c8 00000040 T __release_handle
00121108 00000018 T __get_handle
00121120 00000028 T __getreent
00121148 00000044 T strrchr
0012118c T _fini
00122000 R default_font_bin
00122800 R default_font_bin_end
00122800 R default_font_bin_size
00122918 00000030 r colorTable
0012299c 00000068 r dotab_stdout
00122a0c 00000014 r CSWTCH.61
00122a20 00000008 r framebufferInfoSt
00122a88 00000030 r error_table
00122b28 00000014 r fpi.7277
00122b3c 00000014 r fpinan.7313
00122b50 00000028 r tinytens
00122bb8 r .LC2
00122bbc 00000010 r blanks.8400
00122bcc 00000010 r zeroes.8401
00122be4 00000022 r basefix.8441
00122c08 00000010 r blanks.8415
00122c18 00000010 r zeroes.8416
00122c28 00000101 R _ctype_
00122d3c 00000100 R __hexdig
00122e50 000000bc r a1
00122f0c 000000bc r a2
00122fc8 0000005b r a3
00123024 00000070 r a6
00123094 000000a2 r a7
00123138 00000040 r a8
00123178 0000172a r b02cf
001248a4 00001a7c r d02f4
00126320 00000028 R __mprec_bigtens
00126348 000000c8 R __mprec_tens
00126410 0000000c r p05.7191
0012641c 0000006c R __action_table
00126488 00000100 R __chclass
00126588 0000006c R __state_table
001265fc 00000068 R dotab_stdnull
00126664 00000003 R DIRECTORY_PARENT
00126668 r __EH_FRAME_BEGIN__
00126668 R __exidx_end
00126668 R __exidx_start
00127000 0000000c d global_hooks
0012700c W __stacksize__
00127010 00000004 D currentConsole
00127014 0000004c D defaultConsole
00127060 00000001 d firstConsoleInit.7969
00127061 00000001 d botFormat
00127064 00000008 d doubleBuf
0012706c 00000001 d topFormat
00127070 00000004 d gspLastEvent
00127074 00000004 d aptFlags
00127078 00000004 V __ctru_linear_heap_size
0012707c 00000401 d __cwd
00127480 00000068 d sdmc_devoptab
001274e8 00000004 D _impure_ptr
001274f0 00000460 d impure_data
00127950 0000016c D __global_locale
00127abc 00000408 D __malloc_av_
00127ec4 00000004 D __malloc_sbrk_base
00127ec8 00000004 D __malloc_trim_threshold
00127ecc 0000000c d __malloc_lock_object
00127ed8 0000000c d __sfp_lock
00127ee4 0000000c d __sinit_lock
00127ef0 00000004 d defaultDevice
00127ef4 00000040 D devoptab_list
00127f34 00001000 d _current_working_directory
00128f34 00000004 d __hndl_lock
00128f38 0000000c d __stderr_handle
00128f44 0000000c d __stdin_handle
00128f50 0000000c d __stdout_handle
00128f5c 00001000 d handles
00129f5c d __JCR_LIST__
00129f5c D __TMC_END__
00129f5c d __TMC_LIST__
00129f5c t __frame_dummy_init_array_entry
00129f5c T __init_array_start
00129f5c B __preinit_array_end
00129f5c B __preinit_array_start
00129f5c D __tdata_lma
00129f5c D __tdata_lma_end
00129f60 t __do_global_dtors_aux_fini_array_entry
00129f60 T __fini_array_start
00129f60 T __init_array_end
00129f64 T __bss_start__
00129f64 T __fini_array_end
00129f64 00000008 b global_error
00129f6c 0000000f b version.7632
00129f7c b saved_stack
00129f84 b completed.7620
00129f88 b object.7625
00129fa0 00000002 b currentBuffer
00129fa2 00000001 b enable3d
00129fa4 00000004 b screenAlloc
00129fa8 00000004 b screenFree
00129fac 00000004 b gspEvent
00129fb0 0000001c b gspEventCb
00129fcc 0000001c b gspEventCbData
00129fe8 00000007 b gspEventCbOneShot
00129ff0 0000001c b gspEventCounts
0012a00c 00000004 b gspEventData
0012a010 00000004 b gspEventThread
0012a014 00000038 b gspEvents
0012a04c 00000004 b gspRefCount
0012a050 00000001 b gspRunEvents
0012a051 00000001 b aptChainloadMediatype
0012a058 00000008 b aptChainloadTid
0012a060 00000004 b aptEventHandlerThread
0012a064 0000000c b aptEvents
0012a070 0000000c b aptFirstHook
0012a07c 00000001 b aptHomeButtonState
0012a080 00000004 b aptLockHandle
0012a084 00000004 b aptMessageFunc
0012a088 00000004 b aptMessageFuncData
0012a08c 00001000 b aptParameters
0012b08c 00000004 b aptRefCount
0012b090 00000008 b aptSleepEvent
0012b098 00000001 b flagInit.8115
0012b099 00000001 b flagValue.8116
0012b09c 00000004 b serviceName.7754
0012b0a0 00000006 b aVec
0012b0a8 00000004 b cPos
0012b0ac 00000006 b gRate
0012b0b4 00000004 b hidRefCount
0012b0b8 00000004 b kDown
0012b0bc 00000004 b kHeld
0012b0c0 00000004 b kOld
0012b0c4 00000004 b kUp
0012b0c8 00000004 b tPos
0012b0cc 00000004 b __httpc_refcount
0012b0d0 00000004 b __httpc_sharedmem_handle
0012b0d4 00000004 b __httpc_sharedmem_size
0012b0d8 00000004 V __ctru_heap_size
0012b0dc 0000000c b sAddrMap
0012b0e8 00000008 b sVramPool
0012b0f0 00000008 b sMappablePool
0012b0f8 0000000c b sAddrMap
0012b104 00000008 b sLinearPool
0012b10c 0000000c b sAddrMap
0012b118 00000004 b arbiter
0012b11c 00000001 V __ctru_speedup
0012b120 00000004 b srvHandle
0012b124 00000004 b srvRefCount
0012b128 00000004 b csPos
0012b12c 00000004 b irrstRefCount
0012b130 00000004 b kHeld
0012b134 00000004 b srvPmHandle
0012b138 00000004 b ptmSysmHandle
0012b13c 00000004 b ptmSysmRefCount
0012b140 00000008 b sdmcArchive
0012b148 00000001 b sdmcInitialised
0012b150 00000080 b fsExemptArchives
0012b1d0 00000004 b fsuHandle
0012b1d4 00000004 b fsuRefCount
0012b1d8 00000028 B __malloc_current_mallinfo
0012b200 00000004 B __malloc_max_sbrked_mem
0012b204 00000004 B __malloc_max_total_mem
0012b208 00000004 B __malloc_top_pad
0012b20c 00000004 b heap_start.6927
0012b210 00000004 B fake_heap_end
0012b214 00000004 B fake_heap_start
0012b218 00001000 b temp_cwd
0012c218 00000038 B __syscalls
0012c250 0000004c B currentCopy
0012c29c 00000008 B gfxBottomFramebuffers
0012c2a4 00000004 B gspSharedMemHandle
0012c2a8 0000001c B bottomFramebufferInfo
0012c2c4 00000004 B gspEvent
0012c2c8 00000008 B gfxTopLeftFramebuffers
0012c2d0 00000008 B gfxTopRightFramebuffers
0012c2d8 0000001c B topFramebufferInfo
0012c2f4 00000001 B gfxThreadID
0012c2f8 00000004 B gfxSharedMemory
0012c2fc 00000004 B gfxTopFramebufferMaxSize
0012c300 00000004 B gfxBottomFramebufferMaxSize
0012c304 00000004 B gxCmdBuf
0012c308 00000004 B gspGpuHandle
0012c30c 00000004 B hidMemHandle
0012c310 00000004 B hidHandle
0012c314 00000004 B hidSharedMem
0012c318 00000014 B hidEvents
0012c32c 00000004 B __httpc_servhandle
0012c330 00000004 B __httpc_sharedmem_addr
0012c334 00000004 B __system_retAddr
0012c338 00000004 B __ctru_linear_heap
0012c33c 00000004 B __ctru_heap
0012c340 00000004 B __system_argv
0012c344 00000004 B __system_argc
0012c348 00000004 B irrstHandle
0012c34c 00000004 B irrstEvent
0012c350 00000004 B irrstMemHandle
0012c354 00000004 B irrstSharedMem
0012c358 B __tls_start
0012d764 B __bss_end__
0012d764 A __end__
0012d764 B __tls_end
